d:\person_git\pk_client\pk_client\debug\pk_client.pch
d:\person_git\pk_client\pk_client\debug\vc120.pdb
d:\person_git\pk_client\pk_client\debug\vc120.idb
d:\person_git\pk_client\pk_client\debug\stdafx.obj
d:\person_git\pk_client\pk_client\debug\mainfrm.obj
d:\person_git\pk_client\pk_client\debug\pk_client.obj
d:\person_git\pk_client\pk_client\debug\pk_clientdoc.obj
d:\person_git\pk_client\pk_client\debug\pk_clientview.obj
d:\person_git\pk_client\debug\pk_client.ilk
d:\person_git\pk_client\debug\pk_client.exe
d:\person_git\pk_client\debug\pk_client.pdb
d:\person_git\pk_client\pk_client\debug\pk_client.res
d:\person_git\pk_client\pk_client\debug\pk_client.tlog\cl.command.1.tlog
d:\person_git\pk_client\pk_client\debug\pk_client.tlog\cl.read.1.tlog
d:\person_git\pk_client\pk_client\debug\pk_client.tlog\cl.write.1.tlog
d:\person_git\pk_client\pk_client\debug\pk_client.tlog\link.command.1.tlog
d:\person_git\pk_client\pk_client\debug\pk_client.tlog\link.read.1.tlog
d:\person_git\pk_client\pk_client\debug\pk_client.tlog\link.write.1.tlog
d:\person_git\pk_client\pk_client\debug\pk_client.tlog\rc.command.1.tlog
d:\person_git\pk_client\pk_client\debug\pk_client.tlog\rc.read.1.tlog
d:\person_git\pk_client\pk_client\debug\pk_client.tlog\rc.write.1.tlog
